\BOOKMARK [1][-]{section.1}{\376\377\000B\000\340\000i\000\040\0001}{}% 1
\BOOKMARK [2][-]{subsection.1.1}{\376\377\000C\000\342\000u\000\040\000A\000:\000\040\000L\000\352\000n\000\040\000c\036\247\000u\000\040\000t\000h\000a\000n\000g}{section.1}% 2
\BOOKMARK [2][-]{subsection.1.2}{\376\377\000C\000\342\000u\000\040\000B\000:\000\040\000C\000h\000i\000a\000\040\000m\036\267\000t\000\040\000p\000h\036\263\000n\000g}{section.1}% 3
\BOOKMARK [2][-]{subsection.1.3}{\376\377\000C\000\342\000u\000\040\000C\000:\000\040\000T\000h\000\341\000p\000\040\000H\000\340\000\040\000N\036\331\000i}{section.1}% 4
\BOOKMARK [1][-]{section.2}{\376\377\000B\000\340\000i\000\040\0002}{}% 5
\BOOKMARK [2][-]{subsection.2.1}{\376\377\000C\000\342\000u\000\040\000A\000:\000\040\000L\000\343\000i\000\040\000s\000u\036\245\000t\000\040\000n\000g\000\342\000n\000\040\000h\000\340\000n\000g}{section.2}% 6
\BOOKMARK [3][-]{subsubsection.2.1.1}{\376\377\000G\036\355\000i\000\040\000v\000\340\000o\000\040\0001\0000\0000\0000\000\044\000\040\000v\000\340\000\040\000l\036\245\000y\000\040\000r\000a\000\040\000s\000a\000u\000\040\000n\000\040\000n\001\003\000m}{subsection.2.1}% 7
\BOOKMARK [3][-]{subsubsection.2.1.2}{\376\377\000G\036\355\000i\000\040\000v\000\340\000o\000\040\0001\0000\0000\000\044\000\040\000v\000\340\000\040\000l\036\245\000y\000\040\000r\000a\000\040\000s\000a\000u\000\040\000n\000\040\000n\001\003\000m}{subsection.2.1}% 8
\BOOKMARK [2][-]{subsection.2.2}{\376\377\000C\000\342\000u\000\040\000B}{section.2}% 9
\BOOKMARK [2][-]{subsection.2.3}{\376\377\000C\000\342\000u\000\040\000C\000:\000\040\000D\000\343\000y\000\040\000c\000o\000n\000\040\000b\036\313\000\040\000c\036\245\000m}{section.2}% 10
\BOOKMARK [1][-]{section.3}{\376\377\000B\000\340\000i\000\040\0003}{}% 11
\BOOKMARK [2][-]{subsection.3.1}{\376\377\000C\000\342\000u\000\040\000A}{section.3}% 12
\BOOKMARK [2][-]{subsection.3.2}{\376\377\000C\000\342\000u\000\040\000B}{section.3}% 13
\BOOKMARK [1][-]{section.4}{\376\377\000B\000\340\000i\000\040\0004}{}% 14
\BOOKMARK [1][-]{section.5}{\376\377\000B\000\340\000i\000\040\0005}{}% 15
\BOOKMARK [1][-]{section.6}{\376\377\000B\000\340\000i\000\040\0006\000:\000\040\001\020\000a\000\040\000t\000h\036\351\000c\000\040\000s\036\257\000c\000\040\000t\036\321\000\040\001\021\036\323\000\040\000t\000h\036\313\000\050\000c\000h\000r\000o\000m\000a\000t\000i\000c\000\040\000p\000o\000l\000y\000n\000o\000m\000i\000a\000l\000\051}{}% 16
\BOOKMARK [1][-]{section.7}{\376\377\000B\000\340\000i\000\040\0007}{}% 17
\BOOKMARK [1][-]{section.8}{\376\377\000B\000\340\000i\000\040\0008\000:\000\040\000B\000\340\000i\000\040\000t\000o\000\341\000n\000\040\001\021\001\260\036\335\000n\000g\000\040\001\021\000i\000\040\000t\000r\000\341\000n\000h\000\040\000v\001\151\000n\000g\000\040\000n\001\260\036\333\000c}{}% 18
\BOOKMARK [2][-]{subsection.8.1}{\376\377\000C\000\342\000u\000\040\000A}{section.8}% 19
\BOOKMARK [2][-]{subsection.8.2}{\376\377\000C\000\342\000u\000\040\000B}{section.8}% 20
\BOOKMARK [1][-]{section.9}{\376\377\000B\000\340\000i\000\040\0009}{}% 21
\BOOKMARK [1][-]{section.10}{\376\377\000B\000\340\000i\000\040\0001\0000}{}% 22
\BOOKMARK [1][-]{section.11}{\376\377\000B\000\340\000i\000\040\0001\0001\000:\000\040\001\020\036\313\000n\000h\000\040\000l\000\375\000\040\000t\000h\036\267\000n\000g\000\040\000d\001\260\000\040\000T\000r\000u\000n\000g\000\040\000H\000o\000a}{}% 23
